2025-03-18 16:22:07,319 [DEBUG] __main__: Modify_user()- {'active': True, 'apiKey': '04FCaiaW37pOKA', 'api_secret_password': '6LWnI8#Vl%nAsl*w', 'reqId': '393266cb0e251043', 'session_active': True, 'userid': '45937331', 'username': 'Irfan Patel 111'}
2025-03-18 16:22:07,453 [INFO] users: User 45937331 modified successfully.
2025-03-18 16:22:07,455 [INFO] werkzeug: 127.0.0.1 - - [18/Mar/2025 16:22:07] "POST /api/modify_user HTTP/1.1" 200 -
2025-03-18 16:22:13,116 [INFO] werkzeug: 127.0.0.1 - - [18/Mar/2025 16:22:13] "GET /api/users HTTP/1.1" 200 -
2025-03-18 16:22:23,430 [INFO] __main__: validate()- userid= 45937331
2025-03-18 16:22:23,430 [INFO] users: get_user_info_1()- Found user_info: apiKey                   04FCaiaW37pOKA
api_secret_password    6LWnI8#Vl%nAsl*w
reqId                  393266cb0e251043
userid                         45937331
username                Irfan Patel 111
active                             True
session_active                    False
Name: 0, dtype: object
2025-03-18 16:22:23,439 [INFO] __main__: user_info= apiKey                   04FCaiaW37pOKA
api_secret_password    6LWnI8#Vl%nAsl*w
reqId                  393266cb0e251043
userid                         45937331
username                Irfan Patel 111
active                             True
session_active                    False
Name: 0, dtype: object
2025-03-18 16:22:23,474 [INFO] users: User 45937331 modified successfully.
